<?xml version="1.0" encoding="UTF-8"?>
<testsuite name="Cucumber" time="8.665" tests="2" skipped="0" failures="1" errors="0">
<testcase classname="Swag Labs features" name="1 Successful Login" time="4.391">
<system-out><![CDATA[
Given I am on the Sauce Demo Login Page.....................................passed
When I fill the account information for account StandardUser into the Username field and the Password field.passed
And I click the Login Button................................................passed
Then I am redirected to the Sauce Demo Main Page............................passed
And I verify the App Logo exists............................................passed
]]></system-out>
</testcase>
<testcase classname="Swag Labs features" name="2 Failed Login" time="4.053">
<failure type="org.junit.ComparisonFailure" message="expected:&lt;[Sorry, this user has been banned].&gt; but was:&lt;[Epic sadface: Sorry, this user has been locked out].&gt;">
<![CDATA[org.junit.ComparisonFailure: expected:<[Sorry, this user has been banned].> but was:<[Epic sadface: Sorry, this user has been locked out].>
	at org.junit.Assert.assertEquals(Assert.java:117)
	at org.junit.Assert.assertEquals(Assert.java:146)
	at StepDefinations.stepdefinations.i_verify_the_error_message_contains_the_text(stepdefinations.java:64)
	at ✽.I verify the Error Message contains the text "Sorry, this user has been banned."(file:///Users/bhumidobariya/eclipse-workspace/CastleHill_2/src/test/java/features/login.feature:14)
]]>
</failure>
<system-out><![CDATA[
Given I am on the Sauce Demo Login Page.....................................passed
When I fill the account information for account LockedOutUser into the Username field and the Password field.passed
And I click the Login Button................................................passed
Then I verify the Error Message contains the text "Sorry, this user has been banned.".failed
]]></system-out>
</testcase>
</testsuite>
